Content-Type: multipart/alternative;
 boundary="===============5136950761531391868=="
MIME-Version: 1.0
Subject: Profile activation
From: test@example.com
To: chancedog@gmail.com
Date: Tue, 05 May 2020 01:46:09 -0000
Message-ID: 
 <158864316980.15201.5540736602768836093@unknownb6b98a65ac9b.attlocal.net>

--===============5136950761531391868==
Content-Type: text/plain; charset="utf-8"
MIME-Version: 1.0
Content-Transfer-Encoding: 7bit



To activate your profile, please follow this link:

http://127.0.0.1:8080/accounts/activate/gUR5u5tz5sprhQ17QvDR/

--===============5136950761531391868==
Content-Type: text/html; charset="utf-8"
MIME-Version: 1.0
Content-Transfer-Encoding: 7bit



<!DOCTYPE html PUBLIC "-//W3C//DTD XHTML 1.0 Transitional//EN"
        "http://www.w3.org/TR/xhtml1/DTD/xhtml1-transitional.dtd">
<html xmlns="http://www.w3.org/1999/xhtml">
<head>
    <meta http-equiv="Content-Type" content="text/html; charset=UTF-8"/>
    <title>Profile activation</title>
    <meta name="viewport" content="width=device-width, initial-scale=1.0"/>
</head>

<body>

<p>
    To activate your profile, please follow this link:
</p>

<p>
    <a href="http://127.0.0.1:8080/accounts/activate/gUR5u5tz5sprhQ17QvDR/">http://127.0.0.1:8080/accounts/activate/gUR5u5tz5sprhQ17QvDR/</a>
</p>

</body>

</html>

--===============5136950761531391868==--

-------------------------------------------------------------------------------
