Content-Type: multipart/alternative;
 boundary="===============7386892327329785422=="
MIME-Version: 1.0
Subject: Profile activation
From: test@example.com
To: DASDF@yahoo.com
Date: Sun, 03 May 2020 04:49:27 -0000
Message-ID: 
 <158848136705.96876.3596125499026011921@1.0.0.0.0.0.0.0.0.0.0.0.0.0.0.0.0.0.0.0.0.0.0.0.0.0.0.0.0.0.0.0.ip6.arpa>

--===============7386892327329785422==
Content-Type: text/plain; charset="utf-8"
MIME-Version: 1.0
Content-Transfer-Encoding: 7bit



To activate your profile, please follow this link:

http://127.0.0.1:8080/accounts/activate/6Wt3VMKdfaDAslPB53Bo/

--===============7386892327329785422==
Content-Type: text/html; charset="utf-8"
MIME-Version: 1.0
Content-Transfer-Encoding: 7bit



<!DOCTYPE html PUBLIC "-//W3C//DTD XHTML 1.0 Transitional//EN"
        "http://www.w3.org/TR/xhtml1/DTD/xhtml1-transitional.dtd">
<html xmlns="http://www.w3.org/1999/xhtml">
<head>
    <meta http-equiv="Content-Type" content="text/html; charset=UTF-8"/>
    <title>Profile activation</title>
    <meta name="viewport" content="width=device-width, initial-scale=1.0"/>
</head>

<body>

<p>
    To activate your profile, please follow this link:
</p>

<p>
    <a href="http://127.0.0.1:8080/accounts/activate/6Wt3VMKdfaDAslPB53Bo/">http://127.0.0.1:8080/accounts/activate/6Wt3VMKdfaDAslPB53Bo/</a>
</p>

</body>

</html>

--===============7386892327329785422==--

-------------------------------------------------------------------------------
